<?xml version="1.0" encoding="UTF-8"?>
<testng-results skipped="0" failed="0" total="2" passed="2">
  <reporter-output>
  </reporter-output>
  <suite name="Suite" duration-ms="42213" started-at="2018-08-06T02:36:10Z" finished-at="2018-08-06T02:36:52Z">
    <groups>
    </groups>
    <test name="Test" duration-ms="42213" started-at="2018-08-06T02:36:10Z" finished-at="2018-08-06T02:36:52Z">
      <class name="com.veerendra.testng.examples.loadtest.TestMultiples">
        <test-method status="PASS" signature="beforeClass()[pri:0, instance:com.veerendra.testng.examples.loadtest.TestMultiples@1ce92674]" name="beforeClass" is-config="true" duration-ms="11815" started-at="2018-08-05T23:36:10Z" finished-at="2018-08-05T23:36:21Z">
          <reporter-output>
          </reporter-output>
        </test-method> <!-- beforeClass -->
        <test-method status="PASS" signature="loadTestGoogle()[pri:0, instance:com.veerendra.testng.examples.loadtest.TestMultiples@1ce92674]" name="loadTestGoogle" duration-ms="2584" started-at="2018-08-05T23:36:21Z" finished-at="2018-08-05T23:36:24Z">
          <reporter-output>
          </reporter-output>
        </test-method> <!-- loadTestGoogle -->
        <test-method status="PASS" signature="loadTestNorthernTrust()[pri:0, instance:com.veerendra.testng.examples.loadtest.TestMultiples@1ce92674]" name="loadTestNorthernTrust" duration-ms="26547" started-at="2018-08-05T23:36:24Z" depends-on-methods="com.veerendra.testng.examples.loadtest.TestMultiples.loadTestGoogle" finished-at="2018-08-05T23:36:51Z">
          <reporter-output>
          </reporter-output>
        </test-method> <!-- loadTestNorthernTrust -->
        <test-method status="PASS" signature="afterClass()[pri:0, instance:com.veerendra.testng.examples.loadtest.TestMultiples@1ce92674]" name="afterClass" is-config="true" duration-ms="1245" started-at="2018-08-05T23:36:51Z" finished-at="2018-08-05T23:36:52Z">
          <reporter-output>
          </reporter-output>
        </test-method> <!-- afterClass -->
      </class> <!-- com.veerendra.testng.examples.loadtest.TestMultiples -->
    </test> <!-- Test -->
  </suite> <!-- Suite -->
</testng-results>
