<?xml version="1.0" encoding="UTF-8"?>
<testng-results skipped="0" failed="0" total="1" passed="1">
  <reporter-output>
  </reporter-output>
  <suite name="Suite" duration-ms="12418" started-at="2018-08-07T03:45:38Z" finished-at="2018-08-07T03:45:50Z">
    <groups>
    </groups>
    <test name="Test" duration-ms="12418" started-at="2018-08-07T03:45:38Z" finished-at="2018-08-07T03:45:50Z">
      <class name="com.veerendra.testng.examples.loadtest.TestMultiples2">
        <test-method status="PASS" signature="beforeClass()[pri:0, instance:com.veerendra.testng.examples.loadtest.TestMultiples2@73ad2d6]" name="beforeClass" is-config="true" duration-ms="3591" started-at="2018-08-07T00:45:38Z" finished-at="2018-08-07T00:45:41Z">
          <reporter-output>
          </reporter-output>
        </test-method> <!-- beforeClass -->
        <test-method status="PASS" signature="loadTestNorthernTrust()[pri:0, instance:com.veerendra.testng.examples.loadtest.TestMultiples2@73ad2d6]" name="loadTestNorthernTrust" duration-ms="7538" started-at="2018-08-07T00:45:41Z" finished-at="2018-08-07T00:45:49Z">
          <reporter-output>
          </reporter-output>
        </test-method> <!-- loadTestNorthernTrust -->
        <test-method status="PASS" signature="afterClass()[pri:0, instance:com.veerendra.testng.examples.loadtest.TestMultiples2@73ad2d6]" name="afterClass" is-config="true" duration-ms="1264" started-at="2018-08-07T00:45:49Z" finished-at="2018-08-07T00:45:50Z">
          <reporter-output>
          </reporter-output>
        </test-method> <!-- afterClass -->
      </class> <!-- com.veerendra.testng.examples.loadtest.TestMultiples2 -->
    </test> <!-- Test -->
  </suite> <!-- Suite -->
</testng-results>
